<?xml version="1.0" encoding="UTF-8"?>
<!-- Generated by org.testng.reporters.JUnitReportReporter -->
<testsuite hostname="DESKTOP-3NJC503" failures="0" tests="1" name="Text" time="9.547" errors="0" timestamp="2022-07-18T20:21:10 IST" skipped="0">
  <testcase classname="Text" name="ex" time="9.547"/>
  <system-out/>
</testsuite> <!-- Text -->
