<?xml version="1.0" encoding="UTF-8"?>
<!-- Generated by org.testng.reporters.JUnitReportReporter -->
<testsuite hostname="DESKTOP-3NJC503" failures="0" tests="1" name="Sortable" time="10.918" errors="0" timestamp="2022-07-19T00:45:19 IST" skipped="0">
  <testcase classname="Sortable" name="sort" time="10.918"/>
  <system-out/>
</testsuite> <!-- Sortable -->
