<?xml version="1.0" encoding="UTF-8"?>
<!-- Generated by org.testng.reporters.JUnitReportReporter -->
<testsuite hostname="DESKTOP-3NJC503" failures="0" tests="1" name="Upload" time="12.254" errors="0" timestamp="2022-07-20T10:01:24 IST" skipped="0">
  <testcase classname="Upload" name="down" time="12.254"/>
  <system-out/>
</testsuite> <!-- Upload -->
