<?xml version="1.0" encoding="UTF-8"?>
<!-- Generated by org.testng.reporters.JUnitReportReporter -->
<testsuite hostname="DESKTOP-3NJC503" failures="0" tests="1" name="Maven_demo" time="33.617" errors="0" timestamp="2022-07-12T20:58:47 IST" skipped="0">
  <testcase classname="Maven_demo" name="selenium" time="33.617"/>
  <system-out/>
</testsuite> <!-- Maven_demo -->
