<?xml version="1.0" encoding="UTF-8"?>
<!-- Generated by org.testng.reporters.JUnitReportReporter -->
<testsuite hostname="DESKTOP-3NJC503" failures="0" tests="1" name="Droppable" time="10.473" errors="0" timestamp="2022-07-18T23:21:21 IST" skipped="0">
  <testcase classname="Droppable" name="drop" time="10.473"/>
  <system-out/>
</testsuite> <!-- Droppable -->
