<?xml version="1.0" encoding="UTF-8"?>
<!-- Generated by org.testng.reporters.JUnitReportReporter -->
<testsuite hostname="DESKTOP-3NJC503" failures="0" tests="1" name="CheckBox" time="10.972" errors="0" timestamp="2022-07-16T22:42:32 IST" skipped="0">
  <testcase classname="CheckBox" name="chotu" time="10.972"/>
  <system-out/>
</testsuite> <!-- CheckBox -->
