<?xml version="1.0" encoding="UTF-8"?>
<!-- Generated by org.testng.reporters.JUnitReportReporter -->
<testsuite hostname="DESKTOP-3NJC503" failures="0" tests="1" name="Explicit" time="10.912" errors="0" timestamp="2022-07-18T19:38:45 IST" skipped="0">
  <testcase classname="Explicit" name="extra" time="10.912"/>
  <system-out/>
</testsuite> <!-- Explicit -->
