<?xml version="1.0" encoding="UTF-8"?>
<!-- Generated by org.testng.reporters.JUnitReportReporter -->
<testsuite hostname="DESKTOP-3NJC503" failures="0" tests="1" name="Netflix" time="8.089" errors="0" timestamp="2022-07-13T20:17:38 IST" skipped="0">
  <testcase classname="Netflix" name="bhageera" time="8.089"/>
  <system-out/>
</testsuite> <!-- Netflix -->
