<?xml version="1.0" encoding="UTF-8"?>
<!-- Generated by org.testng.reporters.JUnitReportReporter -->
<testsuite hostname="DESKTOP-3NJC503" failures="0" tests="1" name="Selectable" time="10.195" errors="0" timestamp="2022-07-19T00:02:12 IST" skipped="0">
  <testcase classname="Selectable" name="select" time="10.195"/>
  <system-out/>
</testsuite> <!-- Selectable -->
