<?xml version="1.0" encoding="UTF-8"?>
<!-- Generated by org.testng.reporters.JUnitReportReporter -->
<testsuite hostname="DESKTOP-3NJC503" failures="0" tests="1" name="Draggable" time="12.370" errors="0" timestamp="2022-07-18T23:10:58 IST" skipped="0">
  <testcase classname="Draggable" name="pic" time="12.370"/>
  <system-out/>
</testsuite> <!-- Draggable -->
