<?xml version="1.0" encoding="UTF-8"?>
<!-- Generated by org.testng.reporters.JUnitReportReporter -->
<testsuite hostname="DESKTOP-3NJC503" failures="0" tests="1" name="Alerts" time="21.177" errors="0" timestamp="2022-07-19T10:03:04 IST" skipped="0">
  <testcase classname="Alerts" name="frame" time="21.177"/>
  <system-out/>
</testsuite> <!-- Alerts -->
