<?xml version="1.0" encoding="UTF-8"?>
<!-- Generated by org.testng.reporters.JUnitReportReporter -->
<testsuite hostname="DESKTOP-3NJC503" failures="0" tests="1" name="Radio" time="6.800" errors="0" timestamp="2022-07-16T22:03:59 IST" skipped="0">
  <testcase classname="Radio" name="mani" time="6.800"/>
  <system-out/>
</testsuite> <!-- Radio -->
