<?xml version="1.0" encoding="UTF-8"?>
<!-- Generated by org.testng.reporters.JUnitReportReporter -->
<testsuite hostname="DESKTOP-3NJC503" failures="0" tests="1" name="Appear" time="9.124" errors="0" timestamp="2022-07-18T19:52:55 IST" skipped="0">
  <testcase classname="Appear" name="extra" time="9.124"/>
  <system-out/>
</testsuite> <!-- Appear -->
