<?xml version="1.0" encoding="UTF-8"?>
<!-- Generated by org.testng.reporters.JUnitReportReporter -->
<testsuite hostname="DESKTOP-3NJC503" failures="0" tests="1" name="Window" time="11.075" errors="0" timestamp="2022-07-19T23:21:35 IST" skipped="0">
  <testcase classname="Window" name="alt" time="11.075"/>
  <system-out/>
</testsuite> <!-- Window -->
