<?xml version="1.0" encoding="UTF-8"?>
<!-- Generated by org.testng.reporters.JUnitReportReporter -->
<testsuite hostname="DESKTOP-3NJC503" failures="0" tests="1" name="DownFiles" time="5.938" errors="0" timestamp="2022-07-19T20:13:51 IST" skipped="0">
  <testcase classname="DownFiles" name="down" time="5.938"/>
  <system-out/>
</testsuite> <!-- DownFiles -->
