<?xml version="1.0" encoding="UTF-8"?>
<!-- Generated by org.testng.reporters.JUnitReportReporter -->
<testsuite hostname="DESKTOP-3NJC503" failures="0" tests="1" name="HyperLink" time="12.643" errors="0" timestamp="2022-07-16T19:28:59 IST" skipped="0">
  <testcase classname="HyperLink" name="hyper" time="12.643"/>
  <system-out/>
</testsuite> <!-- HyperLink -->
