<?xml version="1.0" encoding="UTF-8"?>
<!-- Generated by org.testng.reporters.JUnitReportReporter -->
<testsuite hostname="DESKTOP-3NJC503" failures="0" tests="1" name="WaitAlert" time="8.192" errors="0" timestamp="2022-07-18T20:31:43 IST" skipped="0">
  <testcase classname="WaitAlert" name="ex" time="8.192"/>
  <system-out/>
</testsuite> <!-- WaitAlert -->
