<?xml version="1.0" encoding="UTF-8"?>
<!-- Generated by org.testng.reporters.JUnitReportReporter -->
<testsuite hostname="DESKTOP-3NJC503" failures="0" tests="1" name="Image" time="21.872" errors="0" timestamp="2022-07-15T01:07:00 IST" skipped="0">
  <testcase classname="Image" name="pic" time="21.872"/>
  <system-out/>
</testsuite> <!-- Image -->
