<?xml version="1.0" encoding="UTF-8"?>
<!-- Generated by org.testng.reporters.JUnitReportReporter -->
<testsuite hostname="DESKTOP-3NJC503" failures="0" tests="1" name="Frames" time="14.521" errors="0" timestamp="2022-07-18T10:15:00 IST" skipped="0">
  <testcase classname="Frames" name="frame" time="14.521"/>
  <system-out/>
</testsuite> <!-- Frames -->
