<?xml version="1.0" encoding="UTF-8"?>
<!-- Generated by org.testng.reporters.JUnitReportReporter -->
<testsuite hostname="DESKTOP-3NJC503" failures="0" tests="1" name="ToolTip" time="17.860" errors="0" timestamp="2022-07-20T10:02:21 IST" skipped="0">
  <testcase classname="ToolTip" name="down" time="17.860"/>
  <system-out/>
</testsuite> <!-- ToolTip -->
