<?xml version="1.0" encoding="UTF-8"?>
<!-- Generated by org.testng.reporters.JUnitReportReporter -->
<testsuite hostname="DESKTOP-3NJC503" failures="0" tests="1" name="Table" time="9.975" errors="0" timestamp="2022-07-16T21:27:08 IST" skipped="0">
  <testcase classname="Table" name="fry" time="9.975"/>
  <system-out/>
</testsuite> <!-- Table -->
