<?xml version="1.0" encoding="UTF-8"?>
<!-- Generated by org.testng.reporters.JUnitReportReporter -->
<testsuite hostname="DESKTOP-3NJC503" failures="0" tests="1" name="Calender" time="15.781" errors="0" timestamp="2022-07-17T01:18:37 IST" skipped="0">
  <testcase classname="Calender" name="mintu" time="15.781"/>
  <system-out/>
</testsuite> <!-- Calender -->
