<?xml version="1.0" encoding="UTF-8"?>
<!-- Generated by org.testng.reporters.JUnitReportReporter -->
<testsuite hostname="DESKTOP-3NJC503" failures="0" tests="1" name="LeafButton" time="11.055" errors="0" timestamp="2022-07-13T22:11:09 IST" skipped="0">
  <testcase classname="LeafButton" name="Button" time="11.055"/>
  <system-out/>
</testsuite> <!-- LeafButton -->
