<?xml version="1.0" encoding="UTF-8"?>
<!-- Generated by org.testng.reporters.JUnitReportReporter -->
<testsuite hostname="DESKTOP-3NJC503" failures="0" tests="1" name="LeafGround" time="10.664" errors="0" timestamp="2022-07-16T17:56:52 IST" skipped="0">
  <testcase classname="LeafGround" name="edit" time="10.664"/>
  <system-out/>
</testsuite> <!-- LeafGround -->
