<?xml version="1.0" encoding="UTF-8"?>
<!-- Generated by org.testng.reporters.JUnitReportReporter -->
<testsuite hostname="DESKTOP-3NJC503" failures="0" tests="1" name="DropDown" time="15.856" errors="0" timestamp="2022-07-15T10:08:19 IST" skipped="0">
  <testcase classname="DropDown" name="ListBoxes" time="15.856"/>
  <system-out/>
</testsuite> <!-- DropDown -->
